<?xml version="1.0" encoding="UTF-8"?>
<!-- Generated by org.testng.reporters.JUnitReportReporter -->
<testsuite hostname="DESKTOP-R1AHGNB" failures="0" tests="1" name="revisonPackage.Test1" time="15.161" errors="0" timestamp="2025-10-04T07:58:59 GMT-07:00" skipped="0">
  <testcase classname="revisonPackage.Test1" name="a" time="15.161"/>
  <system-out/>
</testsuite> <!-- revisonPackage.Test1 -->
